<?xml version="1.0" encoding="UTF-8"?>
<testsuite name="org.bridgelabz.PDFReaderTest" tests="1" skipped="0" failures="0" errors="0" timestamp="2021-02-28T19:51:28" hostname="DESKTOP-CHEV891" time="1.986">
  <properties/>
  <testcase name="readPdf" classname="org.bridgelabz.PDFReaderTest" time="1.986"/>
  <system-out><![CDATA[ A Simple PDF File 
 This is a small demonstration .pdf file - 
 just for use in the Virtual Mechanics tutorials. More text. And more 
 text. And more text. And more text. And more text. 
 And more text. And more text. And more text. And more text. And more 
 text. And more text. Boring, zzzzz. And more text. And more text. And 
 more text. And more text. And more text. And more text. And more text. 
 And more text. And more text. 
 And more text. And more text. And more text. And more text. And more 
 text. And more text. And more text. Even more. Continued on page 2 ...
 Simple PDF File 2 
 ...continued from page 1. Yet more text. And more text. And more text. 
 And more text. And more text. And more text. And more text. And more 
 text. Oh, how boring typing this stuff. But not as boring as watching 
 paint dry. And more text. And more text. And more text. And more text. 
 Boring.  More, a little more text. The end, and just as well. 

]]></system-out>
  <system-err><![CDATA[]]></system-err>
</testsuite>
